Build started 2014-06-14 13:21:19.
     1>Project "C:\Users\Tomek\documents\visual studio 2013\Projects\Rownolegle\Rownolegle\Rownolegle.vcxproj" on node 2 (Build target(s)).
     1>ClCompile:
         C:\Program Files (x86)\Microsoft Visual Studio 12.0\VC\bin\CL.exe /c /I"C:\Program Files (x86)\AMD APP SDK\2.9\include" /ZI /nologo /W3 /WX- /sdl /Od /Oy- /D _MBCS /Gm /EHsc /RTC1 /MDd /GS /fp:precise /Zc:wchar_t /Zc:forScope /Fo"Debug\\" /Fd"Debug\vc120.pdb" /Gd /TP /analyze- /errorReport:prompt Main.cpp
         Main.cpp
     1>c:\program files (x86)\amd app sdk\2.9\include\cl\cl.hpp(2996): error C2664: 'cl_int clEnqueueNativeKernel(cl_command_queue,void (__stdcall *)(void *),void *,size_t,cl_uint,const cl_mem *,const void **,cl_uint,const cl_event *,cl_event *)' : cannot convert argument 2 from 'void (__cdecl *)(void *)' to 'void (__stdcall *)(void *)'
                 This conversion requires a reinterpret_cast, a C-style cast or function-style cast
     1>c:\users\tomek\documents\visual studio 2013\projects\rownolegle\rownolegle\main.cpp(117): warning C4018: '<' : signed/unsigned mismatch
     1>c:\users\tomek\documents\visual studio 2013\projects\rownolegle\rownolegle\main.cpp(165): warning C4244: '=' : conversion from 'float' to 'int', possible loss of data
     1>c:\users\tomek\documents\visual studio 2013\projects\rownolegle\rownolegle\main.cpp(166): warning C4244: '=' : conversion from 'float' to 'int', possible loss of data
     1>c:\users\tomek\documents\visual studio 2013\projects\rownolegle\rownolegle\main.cpp(327): warning C4018: '<' : signed/unsigned mismatch
     1>Done Building Project "C:\Users\Tomek\documents\visual studio 2013\Projects\Rownolegle\Rownolegle\Rownolegle.vcxproj" (Build target(s)) -- FAILED.

Build FAILED.

Time Elapsed 00:00:00.76
